mode: set
github.com/tiborv/hilbert-gis/tree/controllers.go:11.51,12.14 1 1
github.com/tiborv/hilbert-gis/tree/controllers.go:15.2,15.27 1 1
github.com/tiborv/hilbert-gis/tree/controllers.go:12.14,14.3 1 0
github.com/tiborv/hilbert-gis/tree/controllers.go:18.55,21.34 3 1
github.com/tiborv/hilbert-gis/tree/controllers.go:24.2,24.31 1 1
github.com/tiborv/hilbert-gis/tree/controllers.go:21.34,23.3 1 1
github.com/tiborv/hilbert-gis/tree/controllers.go:28.44,30.2 1 1
github.com/tiborv/hilbert-gis/tree/controllers.go:32.53,34.36 2 1
github.com/tiborv/hilbert-gis/tree/controllers.go:37.2,37.42 1 1
github.com/tiborv/hilbert-gis/tree/controllers.go:34.36,36.3 1 1
github.com/tiborv/hilbert-gis/tree/controllers.go:41.32,42.22 1 1
github.com/tiborv/hilbert-gis/tree/controllers.go:45.2,45.10 1 1
github.com/tiborv/hilbert-gis/tree/controllers.go:42.22,44.3 1 1
github.com/tiborv/hilbert-gis/tree/controllers.go:49.33,51.22 2 1
github.com/tiborv/hilbert-gis/tree/controllers.go:55.2,55.24 1 1
github.com/tiborv/hilbert-gis/tree/controllers.go:51.22,54.3 2 1
github.com/tiborv/hilbert-gis/tree/controllers.go:59.29,61.2 1 1
github.com/tiborv/hilbert-gis/tree/mappers.go:3.46,4.15 1 1
github.com/tiborv/hilbert-gis/tree/mappers.go:14.2,14.17 1 0
github.com/tiborv/hilbert-gis/tree/mappers.go:5.2,6.18 1 1
github.com/tiborv/hilbert-gis/tree/mappers.go:7.2,8.18 1 0
github.com/tiborv/hilbert-gis/tree/mappers.go:9.2,10.18 1 0
github.com/tiborv/hilbert-gis/tree/mappers.go:11.2,12.18 1 0
github.com/tiborv/hilbert-gis/tree/mappers.go:16.46,17.15 1 1
github.com/tiborv/hilbert-gis/tree/mappers.go:27.2,27.17 1 0
github.com/tiborv/hilbert-gis/tree/mappers.go:18.2,19.18 1 1
github.com/tiborv/hilbert-gis/tree/mappers.go:20.2,21.18 1 1
github.com/tiborv/hilbert-gis/tree/mappers.go:22.2,23.18 1 1
github.com/tiborv/hilbert-gis/tree/mappers.go:24.2,25.18 1 0
github.com/tiborv/hilbert-gis/tree/mappers.go:29.46,30.15 1 1
github.com/tiborv/hilbert-gis/tree/mappers.go:40.2,40.17 1 0
github.com/tiborv/hilbert-gis/tree/mappers.go:31.2,32.18 1 0
github.com/tiborv/hilbert-gis/tree/mappers.go:33.2,34.18 1 0
github.com/tiborv/hilbert-gis/tree/mappers.go:35.2,36.18 1 1
github.com/tiborv/hilbert-gis/tree/mappers.go:37.2,38.18 1 0
github.com/tiborv/hilbert-gis/tree/mappers.go:42.46,43.15 1 0
github.com/tiborv/hilbert-gis/tree/mappers.go:53.2,53.17 1 0
github.com/tiborv/hilbert-gis/tree/mappers.go:44.2,45.18 1 0
github.com/tiborv/hilbert-gis/tree/mappers.go:46.2,47.18 1 0
github.com/tiborv/hilbert-gis/tree/mappers.go:48.2,49.18 1 0
github.com/tiborv/hilbert-gis/tree/mappers.go:50.2,51.18 1 0
github.com/tiborv/hilbert-gis/tree/nodev2.go:19.107,28.2 1 1
github.com/tiborv/hilbert-gis/tree/nodev2.go:31.21,37.2 1 1
github.com/tiborv/hilbert-gis/tree/nodev2.go:40.34,41.21 1 1
github.com/tiborv/hilbert-gis/tree/nodev2.go:44.2,44.17 1 1
github.com/tiborv/hilbert-gis/tree/nodev2.go:41.21,43.3 1 1
github.com/tiborv/hilbert-gis/tree/nodev2.go:47.58,48.14 1 1
github.com/tiborv/hilbert-gis/tree/nodev2.go:51.2,51.31 1 1
github.com/tiborv/hilbert-gis/tree/nodev2.go:55.2,55.14 1 1
github.com/tiborv/hilbert-gis/tree/nodev2.go:48.14,50.3 1 0
github.com/tiborv/hilbert-gis/tree/nodev2.go:51.31,54.3 2 1
github.com/tiborv/hilbert-gis/tree/nodev2.go:58.40,59.26 1 1
github.com/tiborv/hilbert-gis/tree/nodev2.go:62.2,62.26 1 1
github.com/tiborv/hilbert-gis/tree/nodev2.go:65.2,66.14 2 1
github.com/tiborv/hilbert-gis/tree/nodev2.go:69.2,69.10 1 1
github.com/tiborv/hilbert-gis/tree/nodev2.go:59.26,61.3 1 1
github.com/tiborv/hilbert-gis/tree/nodev2.go:62.26,64.3 1 0
github.com/tiborv/hilbert-gis/tree/nodev2.go:66.14,68.3 1 0
github.com/tiborv/hilbert-gis/tree/nodev2.go:73.30,75.18 1 1
github.com/tiborv/hilbert-gis/tree/nodev2.go:115.2,115.23 1 1
github.com/tiborv/hilbert-gis/tree/nodev2.go:123.2,123.10 1 1
github.com/tiborv/hilbert-gis/tree/nodev2.go:76.2,84.22 8 1
github.com/tiborv/hilbert-gis/tree/nodev2.go:85.2,93.22 8 0
github.com/tiborv/hilbert-gis/tree/nodev2.go:94.2,102.22 8 1
github.com/tiborv/hilbert-gis/tree/nodev2.go:103.2,111.22 8 1
github.com/tiborv/hilbert-gis/tree/nodev2.go:115.23,118.28 3 1
github.com/tiborv/hilbert-gis/tree/nodev2.go:121.3,121.27 1 1
github.com/tiborv/hilbert-gis/tree/nodev2.go:118.28,120.4 1 1
github.com/tiborv/hilbert-gis/tree/nodev2.go:127.47,128.29 1 1
github.com/tiborv/hilbert-gis/tree/nodev2.go:133.2,133.14 1 1
github.com/tiborv/hilbert-gis/tree/nodev2.go:128.29,129.18 1 1
github.com/tiborv/hilbert-gis/tree/nodev2.go:129.18,131.4 1 1
