mode: set
github.com/tiborv/hilbert-gis/tree/controller.go:11.21,17.2 1 1
github.com/tiborv/hilbert-gis/tree/controller.go:20.34,21.21 1 1
github.com/tiborv/hilbert-gis/tree/controller.go:24.2,24.17 1 1
github.com/tiborv/hilbert-gis/tree/controller.go:21.21,23.3 1 1
github.com/tiborv/hilbert-gis/tree/controller.go:28.51,29.14 1 1
github.com/tiborv/hilbert-gis/tree/controller.go:32.2,32.27 1 1
github.com/tiborv/hilbert-gis/tree/controller.go:29.14,31.3 1 0
github.com/tiborv/hilbert-gis/tree/controller.go:36.47,37.29 1 1
github.com/tiborv/hilbert-gis/tree/controller.go:42.2,42.14 1 1
github.com/tiborv/hilbert-gis/tree/controller.go:37.29,38.18 1 1
github.com/tiborv/hilbert-gis/tree/controller.go:38.18,40.4 1 1
github.com/tiborv/hilbert-gis/tree/controller.go:46.44,48.2 1 1
github.com/tiborv/hilbert-gis/tree/controller.go:51.33,53.22 2 1
github.com/tiborv/hilbert-gis/tree/controller.go:57.2,57.24 1 1
github.com/tiborv/hilbert-gis/tree/controller.go:53.22,56.3 2 1
github.com/tiborv/hilbert-gis/tree/mappers.go:3.46,4.15 1 1
github.com/tiborv/hilbert-gis/tree/mappers.go:14.2,14.17 1 0
github.com/tiborv/hilbert-gis/tree/mappers.go:5.2,6.18 1 1
github.com/tiborv/hilbert-gis/tree/mappers.go:7.2,8.18 1 1
github.com/tiborv/hilbert-gis/tree/mappers.go:9.2,10.18 1 1
github.com/tiborv/hilbert-gis/tree/mappers.go:11.2,12.18 1 1
github.com/tiborv/hilbert-gis/tree/mappers.go:16.46,17.15 1 1
github.com/tiborv/hilbert-gis/tree/mappers.go:27.2,27.17 1 0
github.com/tiborv/hilbert-gis/tree/mappers.go:18.2,19.18 1 1
github.com/tiborv/hilbert-gis/tree/mappers.go:20.2,21.18 1 1
github.com/tiborv/hilbert-gis/tree/mappers.go:22.2,23.18 1 1
github.com/tiborv/hilbert-gis/tree/mappers.go:24.2,25.18 1 1
github.com/tiborv/hilbert-gis/tree/mappers.go:29.46,30.15 1 1
github.com/tiborv/hilbert-gis/tree/mappers.go:40.2,40.17 1 0
github.com/tiborv/hilbert-gis/tree/mappers.go:31.2,32.18 1 1
github.com/tiborv/hilbert-gis/tree/mappers.go:33.2,34.18 1 1
github.com/tiborv/hilbert-gis/tree/mappers.go:35.2,36.18 1 1
github.com/tiborv/hilbert-gis/tree/mappers.go:37.2,38.18 1 1
github.com/tiborv/hilbert-gis/tree/mappers.go:42.46,43.15 1 1
github.com/tiborv/hilbert-gis/tree/mappers.go:53.2,53.17 1 0
github.com/tiborv/hilbert-gis/tree/mappers.go:44.2,45.18 1 1
github.com/tiborv/hilbert-gis/tree/mappers.go:46.2,47.18 1 1
github.com/tiborv/hilbert-gis/tree/mappers.go:48.2,49.18 1 1
github.com/tiborv/hilbert-gis/tree/mappers.go:50.2,51.18 1 1
github.com/tiborv/hilbert-gis/tree/node.go:19.107,28.2 1 1
github.com/tiborv/hilbert-gis/tree/node.go:30.58,31.14 1 1
github.com/tiborv/hilbert-gis/tree/node.go:34.2,34.31 1 1
github.com/tiborv/hilbert-gis/tree/node.go:38.2,38.14 1 1
github.com/tiborv/hilbert-gis/tree/node.go:31.14,33.3 1 0
github.com/tiborv/hilbert-gis/tree/node.go:34.31,37.3 2 1
github.com/tiborv/hilbert-gis/tree/node.go:41.40,42.26 1 1
github.com/tiborv/hilbert-gis/tree/node.go:45.2,45.26 1 1
github.com/tiborv/hilbert-gis/tree/node.go:48.2,49.14 2 1
github.com/tiborv/hilbert-gis/tree/node.go:52.2,52.10 1 1
github.com/tiborv/hilbert-gis/tree/node.go:42.26,44.3 1 1
github.com/tiborv/hilbert-gis/tree/node.go:45.26,47.3 1 0
github.com/tiborv/hilbert-gis/tree/node.go:49.14,51.3 1 0
github.com/tiborv/hilbert-gis/tree/node.go:56.30,58.18 1 1
github.com/tiborv/hilbert-gis/tree/node.go:98.2,98.23 1 1
github.com/tiborv/hilbert-gis/tree/node.go:106.2,106.10 1 1
github.com/tiborv/hilbert-gis/tree/node.go:59.2,67.22 8 1
github.com/tiborv/hilbert-gis/tree/node.go:68.2,76.22 8 1
github.com/tiborv/hilbert-gis/tree/node.go:77.2,85.22 8 1
github.com/tiborv/hilbert-gis/tree/node.go:86.2,94.22 8 1
github.com/tiborv/hilbert-gis/tree/node.go:98.23,101.28 3 1
github.com/tiborv/hilbert-gis/tree/node.go:104.3,104.27 1 1
github.com/tiborv/hilbert-gis/tree/node.go:101.28,103.4 1 1
github.com/tiborv/hilbert-gis/tree/node.go:109.55,112.34 3 1
github.com/tiborv/hilbert-gis/tree/node.go:115.2,115.31 1 1
github.com/tiborv/hilbert-gis/tree/node.go:112.34,114.3 1 1
github.com/tiborv/hilbert-gis/tree/node.go:118.53,120.36 2 1
github.com/tiborv/hilbert-gis/tree/node.go:123.2,123.42 1 1
github.com/tiborv/hilbert-gis/tree/node.go:120.36,122.3 1 1
github.com/tiborv/hilbert-gis/tree/node.go:127.32,128.22 1 1
github.com/tiborv/hilbert-gis/tree/node.go:131.2,131.10 1 1
github.com/tiborv/hilbert-gis/tree/node.go:128.22,130.3 1 1
github.com/tiborv/hilbert-gis/tree/node.go:134.34,136.2 1 1
